[debug] [2025-03-03T13:40:14.835Z] ----------------------------------------------------------------------
[debug] [2025-03-03T13:40:14.837Z] Command:       C:\Program Files\nodejs\node.exe C:\Users\AhmedCHAABANE\AppData\Roaming\npm\node_modules\firebase-tools\lib\bin\firebase.js init functions
[debug] [2025-03-03T13:40:14.837Z] CLI Version:   13.31.2
[debug] [2025-03-03T13:40:14.837Z] Platform:      win32
[debug] [2025-03-03T13:40:14.837Z] Node Version:  v22.14.0
[debug] [2025-03-03T13:40:14.838Z] Time:          Mon Mar 03 2025 14:40:14 GMT+0100 (heure normale d’Afrique de l’Ouest)
[debug] [2025-03-03T13:40:14.838Z] ----------------------------------------------------------------------
[debug] 
[debug] [2025-03-03T13:40:14.840Z] >>> [apiv2][query] GET https://firebase-public.firebaseio.com/cli.json [none]
[debug] [2025-03-03T13:40:14.871Z] > command requires scopes: ["email","openid","https://www.googleapis.com/auth/cloudplatformprojects.readonly","https://www.googleapis.com/auth/firebase","https://www.googleapis.com/auth/cloud-platform"]
[debug] [2025-03-03T13:40:14.871Z] > authorizing via signed-in user (ahmedchaabane27@gmail.com)
[info] 
     ######## #### ########  ######## ########     ###     ######  ########
     ##        ##  ##     ## ##       ##     ##  ##   ##  ##       ##
     ######    ##  ########  ######   ########  #########  ######  ######
     ##        ##  ##    ##  ##       ##     ## ##     ##       ## ##
     ##       #### ##     ## ######## ########  ##     ##  ######  ########

You're about to initialize a Firebase project in this directory:

  C:\Users\AhmedCHAABANE\WebstormProjects\backend_gorun

[debug] [2025-03-03T13:40:15.247Z] <<< [apiv2][status] GET https://firebase-public.firebaseio.com/cli.json 200
[debug] [2025-03-03T13:40:15.247Z] <<< [apiv2][body] GET https://firebase-public.firebaseio.com/cli.json {"cloudBuildErrorAfter":1594252800000,"cloudBuildWarnAfter":1590019200000,"defaultNode10After":1594252800000,"minVersion":"3.0.5","node8DeploysDisabledAfter":1613390400000,"node8RuntimeDisabledAfter":1615809600000,"node8WarnAfter":1600128000000}
